Determining if the include file util.h exists failed with the following output:
Change Dir: /home/ubuntu/klee-2.2/build/CMakeFiles/CMakeTmp

Run Build Command(s):/usr/bin/make cmTC_b5641/fast && /usr/bin/make -f CMakeFiles/cmTC_b5641.dir/build.make CMakeFiles/cmTC_b5641.dir/build
make[1]: Entering directory '/home/ubuntu/klee-2.2/build/CMakeFiles/CMakeTmp'
Building C object CMakeFiles/cmTC_b5641.dir/CheckIncludeFile.c.o
/usr/bin/cc   -Wall -Wextra -Wno-unused-parameter    -o CMakeFiles/cmTC_b5641.dir/CheckIncludeFile.c.o   -c /home/ubuntu/klee-2.2/build/CMakeFiles/CMakeTmp/CheckIncludeFile.c
/home/ubuntu/klee-2.2/build/CMakeFiles/CMakeTmp/CheckIncludeFile.c:1:10: fatal error: util.h: No such file or directory
    1 | #include <util.h>
      |          ^~~~~~~~
compilation terminated.
make[1]: *** [CMakeFiles/cmTC_b5641.dir/build.make:66: CMakeFiles/cmTC_b5641.dir/CheckIncludeFile.c.o] Error 1
make[1]: Leaving directory '/home/ubuntu/klee-2.2/build/CMakeFiles/CMakeTmp'
make: *** [Makefile:121: cmTC_b5641/fast] Error 2



Determining if the include file libutil.h exists failed with the following output:
Change Dir: /home/ubuntu/klee-2.2/build/CMakeFiles/CMakeTmp

Run Build Command(s):/usr/bin/make cmTC_761e8/fast && /usr/bin/make -f CMakeFiles/cmTC_761e8.dir/build.make CMakeFiles/cmTC_761e8.dir/build
make[1]: Entering directory '/home/ubuntu/klee-2.2/build/CMakeFiles/CMakeTmp'
Building C object CMakeFiles/cmTC_761e8.dir/CheckIncludeFile.c.o
/usr/bin/cc   -Wall -Wextra -Wno-unused-parameter    -o CMakeFiles/cmTC_761e8.dir/CheckIncludeFile.c.o   -c /home/ubuntu/klee-2.2/build/CMakeFiles/CMakeTmp/CheckIncludeFile.c
/home/ubuntu/klee-2.2/build/CMakeFiles/CMakeTmp/CheckIncludeFile.c:1:10: fatal error: libutil.h: No such file or directory
    1 | #include <libutil.h>
      |          ^~~~~~~~~~~
compilation terminated.
make[1]: *** [CMakeFiles/cmTC_761e8.dir/build.make:66: CMakeFiles/cmTC_761e8.dir/CheckIncludeFile.c.o] Error 1
make[1]: Leaving directory '/home/ubuntu/klee-2.2/build/CMakeFiles/CMakeTmp'
make: *** [Makefile:121: cmTC_761e8/fast] Error 2



Determining if the function openpty exists failed with the following output:
Change Dir: /home/ubuntu/klee-2.2/build/CMakeFiles/CMakeTmp

Run Build Command(s):/usr/bin/make cmTC_013d3/fast && /usr/bin/make -f CMakeFiles/cmTC_013d3.dir/build.make CMakeFiles/cmTC_013d3.dir/build
make[1]: Entering directory '/home/ubuntu/klee-2.2/build/CMakeFiles/CMakeTmp'
Building C object CMakeFiles/cmTC_013d3.dir/CheckFunctionExists.c.o
/usr/bin/cc   -Wall -Wextra -Wno-unused-parameter -DCHECK_FUNCTION_EXISTS=openpty   -o CMakeFiles/cmTC_013d3.dir/CheckFunctionExists.c.o   -c /usr/share/cmake-3.16/Modules/CheckFunctionExists.c
Linking C executable cmTC_013d3
/usr/bin/cmake -E cmake_link_script CMakeFiles/cmTC_013d3.dir/link.txt --verbose=1
/usr/bin/cc  -Wall -Wextra -Wno-unused-parameter -DCHECK_FUNCTION_EXISTS=openpty    CMakeFiles/cmTC_013d3.dir/CheckFunctionExists.c.o  -o cmTC_013d3 
/usr/bin/ld: CMakeFiles/cmTC_013d3.dir/CheckFunctionExists.c.o: in function `main':
CheckFunctionExists.c:(.text+0x14): undefined reference to `openpty'
collect2: error: ld returned 1 exit status
make[1]: *** [CMakeFiles/cmTC_013d3.dir/build.make:87: cmTC_013d3] Error 1
make[1]: Leaving directory '/home/ubuntu/klee-2.2/build/CMakeFiles/CMakeTmp'
make: *** [Makefile:121: cmTC_013d3/fast] Error 2



Determining if the malloc_zone_statistics exist failed with the following output:
Change Dir: /home/ubuntu/klee-2.2/build/CMakeFiles/CMakeTmp

Run Build Command(s):/usr/bin/make cmTC_c01d4/fast && /usr/bin/make -f CMakeFiles/cmTC_c01d4.dir/build.make CMakeFiles/cmTC_c01d4.dir/build
make[1]: Entering directory '/home/ubuntu/klee-2.2/build/CMakeFiles/CMakeTmp'
Building CXX object CMakeFiles/cmTC_c01d4.dir/CheckSymbolExists.cxx.o
/usr/bin/c++    -Wall -Wextra -Wno-unused-parameter    -o CMakeFiles/cmTC_c01d4.dir/CheckSymbolExists.cxx.o -c /home/ubuntu/klee-2.2/build/CMakeFiles/CMakeTmp/CheckSymbolExists.cxx
/home/ubuntu/klee-2.2/build/CMakeFiles/CMakeTmp/CheckSymbolExists.cxx:2:10: fatal error: malloc/malloc.h: No such file or directory
    2 | #include <malloc/malloc.h>
      |          ^~~~~~~~~~~~~~~~~
compilation terminated.
make[1]: *** [CMakeFiles/cmTC_c01d4.dir/build.make:66: CMakeFiles/cmTC_c01d4.dir/CheckSymbolExists.cxx.o] Error 1
make[1]: Leaving directory '/home/ubuntu/klee-2.2/build/CMakeFiles/CMakeTmp'
make: *** [Makefile:121: cmTC_c01d4/fast] Error 2


File /home/ubuntu/klee-2.2/build/CMakeFiles/CMakeTmp/CheckSymbolExists.cxx:
/* */
#include <malloc/malloc.h>

int main(int argc, char** argv)
{
  (void)argv;
#ifndef malloc_zone_statistics
  return ((int*)(&malloc_zone_statistics))[argc];
#else
  (void)argc;
  return 0;
#endif
}
Determining if the include file selinux/selinux.h exists failed with the following output:
Change Dir: /home/ubuntu/klee-2.2/build/CMakeFiles/CMakeTmp

Run Build Command(s):/usr/bin/make cmTC_6f1a4/fast && /usr/bin/make -f CMakeFiles/cmTC_6f1a4.dir/build.make CMakeFiles/cmTC_6f1a4.dir/build
make[1]: Entering directory '/home/ubuntu/klee-2.2/build/CMakeFiles/CMakeTmp'
Building C object CMakeFiles/cmTC_6f1a4.dir/CheckIncludeFile.c.o
/usr/bin/cc   -Wall -Wextra -Wno-unused-parameter    -o CMakeFiles/cmTC_6f1a4.dir/CheckIncludeFile.c.o   -c /home/ubuntu/klee-2.2/build/CMakeFiles/CMakeTmp/CheckIncludeFile.c
/home/ubuntu/klee-2.2/build/CMakeFiles/CMakeTmp/CheckIncludeFile.c:1:10: fatal error: selinux/selinux.h: No such file or directory
    1 | #include <selinux/selinux.h>
      |          ^~~~~~~~~~~~~~~~~~~
compilation terminated.
make[1]: *** [CMakeFiles/cmTC_6f1a4.dir/build.make:66: CMakeFiles/cmTC_6f1a4.dir/CheckIncludeFile.c.o] Error 1
make[1]: Leaving directory '/home/ubuntu/klee-2.2/build/CMakeFiles/CMakeTmp'
make: *** [Makefile:121: cmTC_6f1a4/fast] Error 2



Determining if the include file sys/acl.h exists failed with the following output:
Change Dir: /home/ubuntu/klee-2.2/build/CMakeFiles/CMakeTmp

Run Build Command(s):/usr/bin/make cmTC_278f4/fast && /usr/bin/make -f CMakeFiles/cmTC_278f4.dir/build.make CMakeFiles/cmTC_278f4.dir/build
make[1]: Entering directory '/home/ubuntu/klee-2.2/build/CMakeFiles/CMakeTmp'
Building C object CMakeFiles/cmTC_278f4.dir/CheckIncludeFile.c.o
/usr/bin/cc   -Wall -Wextra -Wno-unused-parameter    -o CMakeFiles/cmTC_278f4.dir/CheckIncludeFile.c.o   -c /home/ubuntu/klee-2.2/build/CMakeFiles/CMakeTmp/CheckIncludeFile.c
/home/ubuntu/klee-2.2/build/CMakeFiles/CMakeTmp/CheckIncludeFile.c:1:10: fatal error: sys/acl.h: No such file or directory
    1 | #include <sys/acl.h>
      |          ^~~~~~~~~~~
compilation terminated.
make[1]: *** [CMakeFiles/cmTC_278f4.dir/build.make:66: CMakeFiles/cmTC_278f4.dir/CheckIncludeFile.c.o] Error 1
make[1]: Leaving directory '/home/ubuntu/klee-2.2/build/CMakeFiles/CMakeTmp'
make: *** [Makefile:121: cmTC_278f4/fast] Error 2



